SLURM_JOB_ID: 60035173
SLURM_JOB_USER: vsc35188
SLURM_JOB_ACCOUNT: lp_wice_pilot
SLURM_JOB_NAME: wikiann_cbk_zam_ner_test_mbert
SLURM_CLUSTER_NAME: wice
SLURM_JOB_PARTITION: gpu
SLURM_NNODES: 1
SLURM_NODELIST: k28g25
SLURM_JOB_CPUS_PER_NODE: 18
SLURM_JOB_GPUS: 1
Date: Fri Jan 13 14:48:44 CET 2023
Walltime: 00-01:00:00
========================================================================
2023-01-13 14:48:47,135 - INFO - __main__ - cmd: /data/leuven/351/vsc35188/machamp/predict.py /scratch/leuven/351/vsc35188/CreoleNLP-Baselines/creole-dro/logs/wikiann_cbk_zam-ner-mbert-baseline/2022.12.16_11.37.08/model.pt data/WikiAnn_data/cbk-zam/cbk-zam-test.txt /scratch/leuven/351/vsc35188/CreoleNLP-Baselines/creole-dro/logs/wikiann_cbk_zam-ner-mbert-baseline/test.pred.tsv --device 0

2023-01-13 14:48:47,135 - INFO - __main__ - loading model...
2023-01-13 14:48:51,717 - INFO - __main__ - predicting on data/WikiAnn_data/cbk-zam/cbk-zam-test.txt, saving on /scratch/leuven/351/vsc35188/CreoleNLP-Baselines/creole-dro/logs/wikiann_cbk_zam-ner-mbert-baseline/test.pred.tsv
2023-01-13 14:48:53,109 - INFO - machamp.readers.read_sequence - Stats NER (data/WikiAnn_data/cbk-zam/cbk-zam-test.txt):
2023-01-13 14:48:53,109 - INFO - machamp.readers.read_sequence - Lines:      497
2023-01-13 14:48:53,109 - INFO - machamp.readers.read_sequence - Words:      8,530
2023-01-13 14:48:53,110 - INFO - machamp.readers.read_sequence - Subwords:   11,314
2023-01-13 14:48:53,110 - INFO - machamp.readers.read_sequence - Unks:       31
2023-01-13 14:48:53,110 - INFO - machamp.readers.read_sequence - Pre-splits: 0

2023-01-13 14:48:57,937 - INFO - machamp.utils.myutils - ner-span_f1 : 0.9575
2023-01-13 14:48:57,937 - INFO - machamp.utils.myutils - sum         : 0.9575
2023-01-13 14:48:57,937 - INFO - machamp.utils.myutils - 

