SLURM_JOB_ID: 60035417
SLURM_JOB_USER: vsc35188
SLURM_JOB_ACCOUNT: lp_wice_pilot
SLURM_JOB_NAME: wikiann_pap_ner_test_xlmr
SLURM_CLUSTER_NAME: wice
SLURM_JOB_PARTITION: gpu
SLURM_NNODES: 1
SLURM_NODELIST: k28g27
SLURM_JOB_CPUS_PER_NODE: 18
SLURM_JOB_GPUS: 2
Date: Sat Jan 14 14:49:50 CET 2023
Walltime: 00-01:00:00
========================================================================
2023-01-14 14:49:51,927 - INFO - __main__ - cmd: /data/leuven/351/vsc35188/machamp/predict.py /scratch/leuven/351/vsc35188/CreoleNLP-Baselines/creole-dro/logs/wikiann_pap-ner-xlmr-baseline/2022.12.16_15.16.24/model.pt data/WikiAnn_data/pap/pap-test.txt /scratch/leuven/351/vsc35188/CreoleNLP-Baselines/creole-dro/logs/wikiann_pap-ner-xlmr-baseline/test.pred.tsv --device 0

2023-01-14 14:49:51,927 - INFO - __main__ - loading model...
2023-01-14 14:49:56,125 - INFO - __main__ - predicting on data/WikiAnn_data/pap/pap-test.txt, saving on /scratch/leuven/351/vsc35188/CreoleNLP-Baselines/creole-dro/logs/wikiann_pap-ner-xlmr-baseline/test.pred.tsv
2023-01-14 14:49:57,942 - INFO - machamp.readers.read_sequence - Stats NER (data/WikiAnn_data/pap/pap-test.txt):
2023-01-14 14:49:57,942 - INFO - machamp.readers.read_sequence - Lines:      250
2023-01-14 14:49:57,942 - INFO - machamp.readers.read_sequence - Words:      3,404
2023-01-14 14:49:57,942 - INFO - machamp.readers.read_sequence - Subwords:   4,893
2023-01-14 14:49:57,942 - INFO - machamp.readers.read_sequence - Unks:       0
2023-01-14 14:49:57,943 - INFO - machamp.readers.read_sequence - Pre-splits: 0

2023-01-14 14:50:00,654 - INFO - machamp.utils.myutils - ner-span_f1 : 0.8915
2023-01-14 14:50:00,655 - INFO - machamp.utils.myutils - sum         : 0.8915
2023-01-14 14:50:00,655 - INFO - machamp.utils.myutils - 

