SLURM_JOB_ID: 60035918
SLURM_JOB_USER: vsc35188
SLURM_JOB_ACCOUNT: lp_wice_pilot
SLURM_JOB_NAME: wikiann_ht_ner_test_mt5
SLURM_CLUSTER_NAME: wice
SLURM_JOB_PARTITION: gpu
SLURM_NNODES: 1
SLURM_NODELIST: k28g27
SLURM_JOB_CPUS_PER_NODE: 18
SLURM_JOB_GPUS: 0
Date: Mon Jan 16 10:51:39 CET 2023
Walltime: 00-01:00:00
========================================================================
2023-01-16 10:51:42,548 - INFO - __main__ - cmd: /data/leuven/351/vsc35188/machamp/predict.py /scratch/leuven/351/vsc35188/CreoleNLP-Baselines/creole-dro/logs/wikiann_ht-ner-mt5-baseline/2022.12.17_01.55.09/model.pt data/WikiAnn_data/ht/ht-test.txt /scratch/leuven/351/vsc35188/CreoleNLP-Baselines/creole-dro/logs/wikiann_ht-ner-mt5-baseline/test.pred.tsv --device 0

2023-01-16 10:51:42,548 - INFO - __main__ - loading model...
2023-01-16 10:51:48,109 - INFO - __main__ - predicting on data/WikiAnn_data/ht/ht-test.txt, saving on /scratch/leuven/351/vsc35188/CreoleNLP-Baselines/creole-dro/logs/wikiann_ht-ner-mt5-baseline/test.pred.tsv
2023-01-16 10:51:48,935 - INFO - machamp.readers.read_sequence - Stats NER (data/WikiAnn_data/ht/ht-test.txt):
2023-01-16 10:51:48,935 - INFO - machamp.readers.read_sequence - Lines:      50
2023-01-16 10:51:48,935 - INFO - machamp.readers.read_sequence - Words:      347
2023-01-16 10:51:48,935 - INFO - machamp.readers.read_sequence - Subwords:   680
2023-01-16 10:51:48,935 - INFO - machamp.readers.read_sequence - Unks:       0
2023-01-16 10:51:48,935 - INFO - machamp.readers.read_sequence - Pre-splits: 0

2023-01-16 10:51:49,909 - INFO - machamp.utils.myutils - ner-span_f1 : 0.4828
2023-01-16 10:51:49,909 - INFO - machamp.utils.myutils - sum         : 0.4828
2023-01-16 10:51:49,909 - INFO - machamp.utils.myutils - 

