SLURM_JOB_ID: 60035167
SLURM_JOB_USER: vsc35188
SLURM_JOB_ACCOUNT: lp_wice_pilot
SLURM_JOB_NAME: wikiann_tpi_ner_test_mbert
SLURM_CLUSTER_NAME: wice
SLURM_JOB_PARTITION: gpu
SLURM_NNODES: 1
SLURM_NODELIST: k28g25
SLURM_JOB_CPUS_PER_NODE: 18
SLURM_JOB_GPUS: 1
Date: Fri Jan 13 14:45:43 CET 2023
Walltime: 00-01:00:00
========================================================================
2023-01-13 14:45:46,553 - INFO - __main__ - cmd: /data/leuven/351/vsc35188/machamp/predict.py /scratch/leuven/351/vsc35188/CreoleNLP-Baselines/creole-dro/logs/wikiann_tpi-ner-mbert-baseline/2022.12.16_11.15.19/model.pt data/WikiAnn_data/tpi/tpi-test.txt /scratch/leuven/351/vsc35188/CreoleNLP-Baselines/creole-dro/logs/wikiann_tpi-ner-mbert-baseline/test.pred.tsv --device 0

2023-01-13 14:45:46,554 - INFO - __main__ - loading model...
2023-01-13 14:45:50,922 - INFO - __main__ - predicting on data/WikiAnn_data/tpi/tpi-test.txt, saving on /scratch/leuven/351/vsc35188/CreoleNLP-Baselines/creole-dro/logs/wikiann_tpi-ner-mbert-baseline/test.pred.tsv
2023-01-13 14:45:51,550 - INFO - machamp.readers.read_sequence - Stats NER (data/WikiAnn_data/tpi/tpi-test.txt):
2023-01-13 14:45:51,550 - INFO - machamp.readers.read_sequence - Lines:      187
2023-01-13 14:45:51,550 - INFO - machamp.readers.read_sequence - Words:      1,166
2023-01-13 14:45:51,551 - INFO - machamp.readers.read_sequence - Subwords:   1,986
2023-01-13 14:45:51,551 - INFO - machamp.readers.read_sequence - Unks:       0
2023-01-13 14:45:51,551 - INFO - machamp.readers.read_sequence - Pre-splits: 0

2023-01-13 14:45:53,135 - INFO - machamp.utils.myutils - ner-span_f1 : 0.9078
2023-01-13 14:45:53,136 - INFO - machamp.utils.myutils - sum         : 0.9078
2023-01-13 14:45:53,136 - INFO - machamp.utils.myutils - 

