SLURM_JOB_ID: 60035415
SLURM_JOB_USER: vsc35188
SLURM_JOB_ACCOUNT: lp_wice_pilot
SLURM_JOB_NAME: wikiann_sg_ner_test_xlmr
SLURM_CLUSTER_NAME: wice
SLURM_JOB_PARTITION: gpu
SLURM_NNODES: 1
SLURM_NODELIST: k28g27
SLURM_JOB_CPUS_PER_NODE: 18
SLURM_JOB_GPUS: 2
Date: Sat Jan 14 14:49:27 CET 2023
Walltime: 00-01:00:00
========================================================================
2023-01-14 14:49:30,408 - INFO - __main__ - cmd: /data/leuven/351/vsc35188/machamp/predict.py /scratch/leuven/351/vsc35188/CreoleNLP-Baselines/creole-dro/logs/wikiann_sg-ner-xlmr-baseline/2022.12.16_15.09.28/model.pt data/WikiAnn_data/sg/sg-test.txt /scratch/leuven/351/vsc35188/CreoleNLP-Baselines/creole-dro/logs/wikiann_sg-ner-xlmr-baseline/test.pred.tsv --device 0

2023-01-14 14:49:30,409 - INFO - __main__ - loading model...
2023-01-14 14:49:34,751 - INFO - __main__ - predicting on data/WikiAnn_data/sg/sg-test.txt, saving on /scratch/leuven/351/vsc35188/CreoleNLP-Baselines/creole-dro/logs/wikiann_sg-ner-xlmr-baseline/test.pred.tsv
2023-01-14 14:49:36,330 - INFO - machamp.readers.read_sequence - Stats NER (data/WikiAnn_data/sg/sg-test.txt):
2023-01-14 14:49:36,330 - INFO - machamp.readers.read_sequence - Lines:      43
2023-01-14 14:49:36,330 - INFO - machamp.readers.read_sequence - Words:      343
2023-01-14 14:49:36,330 - INFO - machamp.readers.read_sequence - Subwords:   733
2023-01-14 14:49:36,330 - INFO - machamp.readers.read_sequence - Unks:       0
2023-01-14 14:49:36,330 - INFO - machamp.readers.read_sequence - Pre-splits: 0

2023-01-14 14:49:37,289 - INFO - machamp.utils.myutils - ner-span_f1 : 0.9286
2023-01-14 14:49:37,289 - INFO - machamp.utils.myutils - sum         : 0.9286
2023-01-14 14:49:37,289 - INFO - machamp.utils.myutils - 

