SLURM_JOB_ID: 60035168
SLURM_JOB_USER: vsc35188
SLURM_JOB_ACCOUNT: lp_wice_pilot
SLURM_JOB_NAME: wikiann_pap_ner_test_mbert
SLURM_CLUSTER_NAME: wice
SLURM_JOB_PARTITION: gpu
SLURM_NNODES: 1
SLURM_NODELIST: k28g25
SLURM_JOB_CPUS_PER_NODE: 18
SLURM_JOB_GPUS: 1
Date: Fri Jan 13 14:46:44 CET 2023
Walltime: 00-01:00:00
========================================================================
2023-01-13 14:46:46,918 - INFO - __main__ - cmd: /data/leuven/351/vsc35188/machamp/predict.py /scratch/leuven/351/vsc35188/CreoleNLP-Baselines/creole-dro/logs/wikiann_pap-ner-mbert-baseline/2022.12.16_10.59.18/model.pt data/WikiAnn_data/pap/pap-test.txt /scratch/leuven/351/vsc35188/CreoleNLP-Baselines/creole-dro/logs/wikiann_pap-ner-mbert-baseline/test.pred.tsv --device 0

2023-01-13 14:46:46,919 - INFO - __main__ - loading model...
2023-01-13 14:46:51,354 - INFO - __main__ - predicting on data/WikiAnn_data/pap/pap-test.txt, saving on /scratch/leuven/351/vsc35188/CreoleNLP-Baselines/creole-dro/logs/wikiann_pap-ner-mbert-baseline/test.pred.tsv
2023-01-13 14:46:52,211 - INFO - machamp.readers.read_sequence - Stats NER (data/WikiAnn_data/pap/pap-test.txt):
2023-01-13 14:46:52,212 - INFO - machamp.readers.read_sequence - Lines:      250
2023-01-13 14:46:52,212 - INFO - machamp.readers.read_sequence - Words:      3,404
2023-01-13 14:46:52,212 - INFO - machamp.readers.read_sequence - Subwords:   4,817
2023-01-13 14:46:52,212 - INFO - machamp.readers.read_sequence - Unks:       24
2023-01-13 14:46:52,212 - INFO - machamp.readers.read_sequence - Pre-splits: 0

2023-01-13 14:46:54,960 - INFO - machamp.utils.myutils - ner-span_f1 : 0.8952
2023-01-13 14:46:54,960 - INFO - machamp.utils.myutils - sum         : 0.8952
2023-01-13 14:46:54,961 - INFO - machamp.utils.myutils - 

