SLURM_JOB_ID: 60035923
SLURM_JOB_USER: vsc35188
SLURM_JOB_ACCOUNT: lp_wice_pilot
SLURM_JOB_NAME: wikiann_pih_ner_test_mt5
SLURM_CLUSTER_NAME: wice
SLURM_JOB_PARTITION: gpu
SLURM_NNODES: 1
SLURM_NODELIST: k28g27
SLURM_JOB_CPUS_PER_NODE: 18
SLURM_JOB_GPUS: 0
Date: Mon Jan 16 11:05:05 CET 2023
Walltime: 00-01:00:00
========================================================================
2023-01-16 11:05:08,368 - INFO - __main__ - cmd: /data/leuven/351/vsc35188/machamp/predict.py /scratch/leuven/351/vsc35188/CreoleNLP-Baselines/creole-dro/logs/wikiann_pih-ner-mt5-baseline/2022.12.19_11.21.13/model.pt data/WikiAnn_data/pih/pih-test.txt /scratch/leuven/351/vsc35188/CreoleNLP-Baselines/creole-dro/logs/wikiann_pih-ner-mt5-baseline/test.pred.tsv --device 0

2023-01-16 11:05:08,369 - INFO - __main__ - loading model...
2023-01-16 11:05:14,503 - INFO - __main__ - predicting on data/WikiAnn_data/pih/pih-test.txt, saving on /scratch/leuven/351/vsc35188/CreoleNLP-Baselines/creole-dro/logs/wikiann_pih-ner-mt5-baseline/test.pred.tsv
2023-01-16 11:05:15,356 - INFO - machamp.readers.read_sequence - Stats NER (data/WikiAnn_data/pih/pih-test.txt):
2023-01-16 11:05:15,357 - INFO - machamp.readers.read_sequence - Lines:      75
2023-01-16 11:05:15,357 - INFO - machamp.readers.read_sequence - Words:      632
2023-01-16 11:05:15,357 - INFO - machamp.readers.read_sequence - Subwords:   1,139
2023-01-16 11:05:15,357 - INFO - machamp.readers.read_sequence - Unks:       0
2023-01-16 11:05:15,357 - INFO - machamp.readers.read_sequence - Pre-splits: 0

2023-01-16 11:05:16,495 - INFO - machamp.utils.myutils - ner-span_f1 : 0.6073
2023-01-16 11:05:16,495 - INFO - machamp.utils.myutils - sum         : 0.6073
2023-01-16 11:05:16,495 - INFO - machamp.utils.myutils - 

