SLURM_JOB_ID: 60049721
SLURM_JOB_USER: vsc35188
SLURM_JOB_ACCOUNT: intro_vsc35188
SLURM_JOB_NAME: naija_senti_test_mbert
SLURM_CLUSTER_NAME: wice
SLURM_JOB_PARTITION: gpu
SLURM_NNODES: 1
SLURM_NODELIST: k28g27
SLURM_JOB_CPUS_PER_NODE: 18
SLURM_JOB_GPUS: 3
Date: Thu Feb 16 16:53:30 CET 2023
Walltime: 00-01:00:00
========================================================================
2023-02-16 16:53:42,620 - INFO - __main__ - cmd: /data/leuven/351/vsc35188/machamp/predict.py /scratch/leuven/351/vsc35188/CreoleNLP-Baselines/creole-dro/logs/naija-senti-mbert-baseline/2023.01.23_14.59.47/model.pt data/naijasenti-data/pcm_test.tsv /scratch/leuven/351/vsc35188/CreoleNLP-Baselines/creole-dro/logs/naija-senti-mbert-baseline/test.pred.tsv --device 0

2023-02-16 16:53:42,620 - INFO - __main__ - loading model...
2023-02-16 16:54:03,636 - INFO - __main__ - predicting on data/naijasenti-data/pcm_test.tsv, saving on /scratch/leuven/351/vsc35188/CreoleNLP-Baselines/creole-dro/logs/naija-senti-mbert-baseline/test.pred.tsv
Downloading:   0%|          | 0.00/29.0 [00:00<?, ?B/s]Downloading: 100%|██████████| 29.0/29.0 [00:00<00:00, 51.0kB/s]
Downloading:   0%|          | 0.00/625 [00:00<?, ?B/s]Downloading: 100%|██████████| 625/625 [00:00<00:00, 857kB/s]
Downloading:   0%|          | 0.00/996k [00:00<?, ?B/s]Downloading:   3%|▎         | 28.7k/996k [00:00<00:05, 174kB/s]Downloading:  14%|█▍        | 143k/996k [00:00<00:02, 365kB/s] Downloading:  49%|████▉     | 487k/996k [00:00<00:00, 864kB/s]Downloading:  64%|██████▍   | 635k/996k [00:00<00:00, 863kB/s]Downloading:  82%|████████▏ | 815k/996k [00:01<00:00, 903kB/s]Downloading:  91%|█████████ | 904k/996k [00:01<00:00, 701kB/s]Downloading:  98%|█████████▊| 976k/996k [00:01<00:00, 408kB/s]Downloading: 100%|██████████| 996k/996k [00:01<00:00, 568kB/s]
2023-02-16 16:54:11,276 - INFO - machamp.readers.read_classification - Stats NaijaSenti (data/naijasenti-data/pcm_test.tsv):
2023-02-16 16:54:11,276 - INFO - machamp.readers.read_classification - Lines:    4,154
2023-02-16 16:54:11,276 - INFO - machamp.readers.read_classification - Subwords: 102,479
2023-02-16 16:54:11,276 - INFO - machamp.readers.read_classification - Unks:     236

2023-02-16 16:54:24,548 - INFO - machamp.utils.myutils - sst-acc. : 0.6584
2023-02-16 16:54:24,548 - INFO - machamp.utils.myutils - sum      : 0.6584
2023-02-16 16:54:24,548 - INFO - machamp.utils.myutils - 

