SLURM_JOB_ID: 60049722
SLURM_JOB_USER: vsc35188
SLURM_JOB_ACCOUNT: intro_vsc35188
SLURM_JOB_NAME: naija_senti_test_mt5
SLURM_CLUSTER_NAME: wice
SLURM_JOB_PARTITION: gpu
SLURM_NNODES: 1
SLURM_NODELIST: k28g27
SLURM_JOB_CPUS_PER_NODE: 18
SLURM_JOB_GPUS: 3
Date: Thu Feb 16 16:54:29 CET 2023
Walltime: 00-01:00:00
========================================================================
2023-02-16 16:54:31,340 - INFO - __main__ - cmd: /data/leuven/351/vsc35188/machamp/predict.py /scratch/leuven/351/vsc35188/CreoleNLP-Baselines/creole-dro/logs/naija-senti-mt5-baseline/2023.01.26_17.50.48/model.pt data/naijasenti-data/pcm_test.tsv /scratch/leuven/351/vsc35188/CreoleNLP-Baselines/creole-dro/logs/naija-senti-mt5-baseline/test.pred.tsv --device 0

2023-02-16 16:54:31,340 - INFO - __main__ - loading model...
2023-02-16 16:54:49,865 - INFO - __main__ - predicting on data/naijasenti-data/pcm_test.tsv, saving on /scratch/leuven/351/vsc35188/CreoleNLP-Baselines/creole-dro/logs/naija-senti-mt5-baseline/test.pred.tsv
Downloading:   0%|          | 0.00/376 [00:00<?, ?B/s]Downloading: 100%|██████████| 376/376 [00:00<00:00, 641kB/s]
Downloading:   0%|          | 0.00/702 [00:00<?, ?B/s]Downloading: 100%|██████████| 702/702 [00:00<00:00, 800kB/s]
Downloading:   0%|          | 0.00/4.31M [00:00<?, ?B/s]Downloading:   1%|          | 32.8k/4.31M [00:00<00:22, 194kB/s]Downloading:   5%|▍         | 201k/4.31M [00:00<00:06, 663kB/s] Downloading:  16%|█▌        | 676k/4.31M [00:00<00:01, 1.86MB/s]Downloading:  42%|████▏     | 1.81M/4.31M [00:00<00:00, 4.36MB/s]Downloading: 100%|██████████| 4.31M/4.31M [00:00<00:00, 6.31MB/s]
Downloading:   0%|          | 0.00/65.0 [00:00<?, ?B/s]Downloading: 100%|██████████| 65.0/65.0 [00:00<00:00, 118kB/s]
2023-02-16 16:54:55,583 - INFO - machamp.readers.read_classification - Stats NaijaSenti (data/naijasenti-data/pcm_test.tsv):
2023-02-16 16:54:55,584 - INFO - machamp.readers.read_classification - Lines:    4,154
2023-02-16 16:54:55,584 - INFO - machamp.readers.read_classification - Subwords: 104,695
2023-02-16 16:54:55,584 - INFO - machamp.readers.read_classification - Unks:     0

2023-02-16 16:55:02,517 - INFO - machamp.utils.myutils - sst-acc. : 0.6685
2023-02-16 16:55:02,517 - INFO - machamp.utils.myutils - sum      : 0.6685
2023-02-16 16:55:02,517 - INFO - machamp.utils.myutils - 

